-------------------------------------------------------------------------------
>Log Session: Saturday, April 9, 2022 2:27:35 PM CEST
>System Info: 
  Product Version         = NBMLab 11.2-d04fb24027334c4b6fd8397b5d0cdd33187a8f54
  Operating System        = Windows 11 version 10.0 running on amd64
  Java; VM; Vendor        = 1.8.0_321; Java HotSpot(TM) 64-Bit Server VM 25.321-b07; Oracle Corporation
  Runtime                 = Java(TM) SE Runtime Environment 1.8.0_321-b07
  Java Home               = C:\Program Files\Java\jre1.8.0_321
  System Locale; Encoding = en_US (nbmlab); Cp1252
  Home Directory          = C:\Users\Hannehue
  Current Directory       = C:\Users\Hannehue\Desktop\SB4-KOM-F20\HandIN\NBMLab\application\target\nbmlab
  User Directory          = C:\Users\Hannehue\Desktop\SB4-KOM-F20\HandIN\NBMLab\application\target\userdir
  Cache Directory         = C:\Users\Hannehue\Desktop\SB4-KOM-F20\HandIN\NBMLab\application\target\userdir\var\cache
  Installation            = C:\Users\Hannehue\Desktop\SB4-KOM-F20\HandIN\NBMLab\application\target\nbmlab\bin
                            C:\Users\Hannehue\Desktop\SB4-KOM-F20\HandIN\NBMLab\application\target\nbmlab\etc
                            C:\Users\Hannehue\Desktop\SB4-KOM-F20\HandIN\NBMLab\application\target\nbmlab\nbmlab
                            C:\Users\Hannehue\Desktop\SB4-KOM-F20\HandIN\NBMLab\application\target\nbmlab\platform
                            C:\Users\Hannehue\Desktop\SB4-KOM-F20\HandIN\NBMLab\application\target\nbmlab\platform
  Boot & Ext. Classpath   = C:\Program Files\Java\jre1.8.0_321\lib\resources.jar;C:\Program Files\Java\jre1.8.0_321\lib\rt.jar;C:\Program Files\Java\jre1.8.0_321\lib\sunrsasign.jar;C:\Program Files\Java\jre1.8.0_321\lib\jsse.jar;C:\Program Files\Java\jre1.8.0_321\lib\jce.jar;C:\Program Files\Java\jre1.8.0_321\lib\charsets.jar;C:\Program Files\Java\jre1.8.0_321\lib\jfr.jar;C:\Program Files\Java\jre1.8.0_321\classes;C:\Program Files\Java\jre1.8.0_321\lib\ext\access-bridge-64.jar;C:\Program Files\Java\jre1.8.0_321\lib\ext\cldrdata.jar;C:\Program Files\Java\jre1.8.0_321\lib\ext\dnsns.jar;C:\Program Files\Java\jre1.8.0_321\lib\ext\jaccess.jar;C:\Program Files\Java\jre1.8.0_321\lib\ext\jfxrt.jar;C:\Program Files\Java\jre1.8.0_321\lib\ext\localedata.jar;C:\Program Files\Java\jre1.8.0_321\lib\ext\nashorn.jar;C:\Program Files\Java\jre1.8.0_321\lib\ext\sunec.jar;C:\Program Files\Java\jre1.8.0_321\lib\ext\sunjce_provider.jar;C:\Program Files\Java\jre1.8.0_321\lib\ext\sunmscapi.jar;C:\Program Files\Java\jre1.8.0_321\lib\ext\sunpkcs11.jar;C:\Program Files\Java\jre1.8.0_321\lib\ext\zipfs.jar
  Application Classpath   = C:\Users\Hannehue\Desktop\SB4-KOM-F20\HandIN\NBMLab\application\target\nbmlab\platform\lib\boot.jar;C:\Users\Hannehue\Desktop\SB4-KOM-F20\HandIN\NBMLab\application\target\nbmlab\platform\lib\org-openide-modules.jar;C:\Users\Hannehue\Desktop\SB4-KOM-F20\HandIN\NBMLab\application\target\nbmlab\platform\lib\org-openide-util-lookup.jar;C:\Users\Hannehue\Desktop\SB4-KOM-F20\HandIN\NBMLab\application\target\nbmlab\platform\lib\org-openide-util-ui.jar;C:\Users\Hannehue\Desktop\SB4-KOM-F20\HandIN\NBMLab\application\target\nbmlab\platform\lib\org-openide-util.jar
  Startup Classpath       = C:\Users\Hannehue\Desktop\SB4-KOM-F20\HandIN\NBMLab\application\target\nbmlab\platform\core\asm-all-5.0.1.jar;C:\Users\Hannehue\Desktop\SB4-KOM-F20\HandIN\NBMLab\application\target\nbmlab\platform\core\core-base.jar;C:\Users\Hannehue\Desktop\SB4-KOM-F20\HandIN\NBMLab\application\target\nbmlab\platform\core\core.jar;C:\Users\Hannehue\Desktop\SB4-KOM-F20\HandIN\NBMLab\application\target\nbmlab\platform\core\org-netbeans-libs-asm.jar;C:\Users\Hannehue\Desktop\SB4-KOM-F20\HandIN\NBMLab\application\target\nbmlab\platform\core\org-openide-filesystems.jar;C:\Users\Hannehue\Desktop\SB4-KOM-F20\HandIN\NBMLab\application\target\nbmlab\nbmlab\core\locale\core_nbmlab.jar
-------------------------------------------------------------------------------
INFO [org.netbeans.core.startup.NbEvents]: Turning on modules:
	org.openide.util.lookup [8.39 11.2-d04fb24027334c4b6fd8397b5d0cdd33187a8f54]
	org.openide.util [9.13 11.2-d04fb24027334c4b6fd8397b5d0cdd33187a8f54]
	org.openide.util.ui [9.14 11.2-d04fb24027334c4b6fd8397b5d0cdd33187a8f54]
	org.openide.modules [7.54 11.2-d04fb24027334c4b6fd8397b5d0cdd33187a8f54]
	org.openide.filesystems [9.16 11.2-d04fb24027334c4b6fd8397b5d0cdd33187a8f54]
	org.netbeans.libs.asm [5.9 11.2-d04fb24027334c4b6fd8397b5d0cdd33187a8f54]
	org.netbeans.bootstrap/1 [2.84 11.2-d04fb24027334c4b6fd8397b5d0cdd33187a8f54]
	org.netbeans.core.startup.base [1.68.0.1 1 11.2-d04fb24027334c4b6fd8397b5d0cdd33187a8f54]
	org.netbeans.core.startup/1 [1.68.0.1 11.2-d04fb24027334c4b6fd8397b5d0cdd33187a8f54]
	org.netbeans.libs.osgi [1.28 11.2-d04fb24027334c4b6fd8397b5d0cdd33187a8f54]
	org.netbeans.core.netigso [1.37 11.2-d04fb24027334c4b6fd8397b5d0cdd33187a8f54]
	org.netbeans.modules.netbinox [1.47 11.2-d04fb24027334c4b6fd8397b5d0cdd33187a8f54]
	org.netbeans.api.annotations.common/1 [1.33 11.2-d04fb24027334c4b6fd8397b5d0cdd33187a8f54]
	dk.sdu.hannehue.Common [1.0 1.0-20220409 202204091227]
	dk.sdu.hannehue.CommonBullet [1.0 1.0-20220409 202204091227]
	dk.sdu.hannehue.Player [1.0 1.0-20220409 202204091227]
	dk.sdu.hannehue.NBMLab.branding [1.0 1.0-20220409 202204091227]
	dk.sdu.hannehue.Core [1.0 1.0-20220409 202204091227]
	dk.sdu.hannehue.CommmonAsteroid [1.0 1.0-20220409 202204091227]
	dk.sdu.hannehue.Collision [1.0 1.0-20220409 202204091227]
	dk.sdu.hannehue.Bullet [1.0 1.0-20220409 202204091227]
	dk.sdu.hannehue.Asteroid [1.0 1.0-20220409 202204091227]
